<?xml version="1.0" encoding="UTF-8"?>
<!-- Generated by org.testng.reporters.JUnitReportReporter -->
<testsuite skipped="0" hostname="DESKTOP-A8KQASN" name="tests.TestsOnLocalAPI" tests="4" failures="0" timestamp="2022-08-14T23:24:33 IST" time="2.467" errors="0">
  <testcase name="patch" time="0.070" classname="tests.TestsOnLocalAPI"/>
  <system-out/>
  <testcase name="put" time="0.056" classname="tests.TestsOnLocalAPI"/>
  <system-out/>
  <testcase name="get" time="0.167" classname="tests.TestsOnLocalAPI"/>
  <system-out/>
  <testcase name="delete" time="2.174" classname="tests.TestsOnLocalAPI"/>
  <system-out/>
</testsuite> <!-- tests.TestsOnLocalAPI -->
