<?xml version="1.0" encoding="UTF-8"?>
<!-- Generated by org.testng.reporters.JUnitReportReporter -->
<testsuite skipped="0" hostname="DESKTOP-A8KQASN" name="tests.PutPatchDeleteExamples" tests="3" failures="0" timestamp="2022-08-14T19:23:51 IST" time="3.945" errors="0">
  <testcase name="testPut" time="0.475" classname="tests.PutPatchDeleteExamples"/>
  <system-out/>
  <testcase name="testPatch" time="0.625" classname="tests.PutPatchDeleteExamples"/>
  <system-out/>
  <testcase name="testDelete" time="2.845" classname="tests.PutPatchDeleteExamples"/>
  <system-out/>
</testsuite> <!-- tests.PutPatchDeleteExamples -->
