<?xml version="1.0" encoding="UTF-8"?>
<!-- Generated by org.testng.reporters.JUnitReportReporter -->
<testsuite skipped="0" hostname="DESKTOP-A8KQASN" name="tests.SoapXMLRequest" tests="1" failures="0" timestamp="2022-08-15T10:15:17 IST" time="2.976" errors="0">
  <testcase name="validateSoapXML" time="2.976" classname="tests.SoapXMLRequest"/>
  <system-out/>
</testsuite> <!-- tests.SoapXMLRequest -->
