<?xml version="1.0" encoding="UTF-8"?>
<!-- Generated by org.testng.reporters.JUnitReportReporter -->
<testsuite skipped="0" hostname="DESKTOP-A8KQASN" name="tests.GetAndPostExamples" tests="1" failures="0" timestamp="2022-08-14T13:46:50 IST" time="3.016" errors="0">
  <testcase name="testPost" time="3.016" classname="tests.GetAndPostExamples"/>
  <system-out/>
</testsuite> <!-- tests.GetAndPostExamples -->
