<?xml version="1.0" encoding="UTF-8"?>
<!-- Generated by org.testng.reporters.JUnitReportReporter -->
<testsuite skipped="0" hostname="DESKTOP-A8KQASN" name="tests.TestsExamples" tests="2" failures="0" timestamp="2022-08-14T12:18:18 IST" time="4.106" errors="0">
  <testcase name="test_1" time="2.642" classname="tests.TestsExamples"/>
  <system-out/>
  <testcase name="test_2" time="1.464" classname="tests.TestsExamples"/>
  <system-out/>
</testsuite> <!-- tests.TestsExamples -->
